<?xml version="1.0" encoding="UTF-8"?>
<Site BuildName="(empty)"
	BuildStamp="20220819-2319-Experimental"
	Name="(empty)"
	Generator="ctest-3.16.3"
	CompilerName=""
	CompilerVersion=""
	OSName="Linux"
	Hostname="cssouza"
	OSRelease="5.14.0-1048-oem"
	OSVersion="#55-Ubuntu SMP Mon Aug 8 14:58:10 UTC 2022"
	OSPlatform="x86_64"
	Is64Bits="1"
	VendorString="GenuineIntel"
	VendorID="Intel Corporation"
	FamilyID="6"
	ModelID="140"
	ProcessorCacheSize="12288"
	NumberOfLogicalCPU="8"
	NumberOfPhysicalCPU="4"
	TotalVirtualMemory="16383"
	TotalPhysicalMemory="15571"
	LogicalProcessorsPerPhysical="2"
	ProcessorClockFrequency="3682.94"
	>
	<Testing>
		<StartDateTime>Aug 19 20:24 -03</StartDateTime>
		<StartTestTime>1660951468</StartTestTime>
		<TestList>
			<Test>./array_list_create</Test>
			<Test>./array_list_create_struct</Test>
		</TestList>
		<Test Status="passed">
			<Name>array_list_create</Name>
			<Path>.</Path>
			<FullName>./array_list_create</FullName>
			<FullCommandLine>/media/cssouza/SOLIDCRIS/Canal_Faz_em_C/Projetos/criando_libs/sources/official/data_structures/build/bin/test_lib/array_list_create_test</FullCommandLine>
			<Results>
				<NamedMeasurement type="numeric/double" name="Execution Time">
					<Value>0.00955272</Value>
				</NamedMeasurement>
				<NamedMeasurement type="numeric/double" name="Processors">
					<Value>1</Value>
				</NamedMeasurement>
				<NamedMeasurement type="text/string" name="Completion Status">
					<Value>Completed</Value>
				</NamedMeasurement>
				<NamedMeasurement type="text/string" name="Command Line">
					<Value>/media/cssouza/SOLIDCRIS/Canal_Faz_em_C/Projetos/criando_libs/sources/official/data_structures/build/bin/test_lib/array_list_create_test</Value>
				</NamedMeasurement>
				<Measurement>
					<Value></Value>
				</Measurement>
			</Results>
		</Test>
		<Test Status="passed">
			<Name>array_list_create_struct</Name>
			<Path>.</Path>
			<FullName>./array_list_create_struct</FullName>
			<FullCommandLine>/media/cssouza/SOLIDCRIS/Canal_Faz_em_C/Projetos/criando_libs/sources/official/data_structures/build/bin/test_lib/array_list_create_struct_test</FullCommandLine>
			<Results>
				<NamedMeasurement type="numeric/double" name="Execution Time">
					<Value>0.0150993</Value>
				</NamedMeasurement>
				<NamedMeasurement type="numeric/double" name="Processors">
					<Value>1</Value>
				</NamedMeasurement>
				<NamedMeasurement type="text/string" name="Completion Status">
					<Value>Completed</Value>
				</NamedMeasurement>
				<NamedMeasurement type="text/string" name="Command Line">
					<Value>/media/cssouza/SOLIDCRIS/Canal_Faz_em_C/Projetos/criando_libs/sources/official/data_structures/build/bin/test_lib/array_list_create_struct_test</Value>
				</NamedMeasurement>
				<Measurement>
					<Value></Value>
				</Measurement>
			</Results>
		</Test>
		<EndDateTime>Aug 19 20:24 -03</EndDateTime>
		<EndTestTime>1660951468</EndTestTime>
		<ElapsedMinutes>0</ElapsedMinutes>
	</Testing>
</Site>
